c:\users\larry\desktop\project3\project3\debug\vc142.pdb
c:\users\larry\desktop\project3\project3\debug\vc142.idb
c:\users\larry\desktop\project3\project3\debug\user.nativecodeanalysis.sarif
c:\users\larry\desktop\project3\project3\debug\user.nativecodeanalysis.xml
c:\users\larry\desktop\project3\project3\debug\boardmanager.nativecodeanalysis.sarif
c:\users\larry\desktop\project3\project3\debug\boardmanager.nativecodeanalysis.xml
c:\users\larry\desktop\project3\project3\debug\source.nativecodeanalysis.sarif
c:\users\larry\desktop\project3\project3\debug\source.nativecodeanalysis.xml
c:\users\larry\desktop\project3\project3\debug\post.nativecodeanalysis.sarif
c:\users\larry\desktop\project3\project3\debug\post.nativecodeanalysis.xml
c:\users\larry\desktop\project3\project3\debug\board.nativecodeanalysis.sarif
c:\users\larry\desktop\project3\project3\debug\board.nativecodeanalysis.xml
c:\users\larry\desktop\project3\project3\debug\board.obj
c:\users\larry\desktop\project3\project3\debug\post.obj
c:\users\larry\desktop\project3\project3\debug\source.obj
c:\users\larry\desktop\project3\project3\debug\boardmanager.obj
c:\users\larry\desktop\project3\project3\debug\user.obj
c:\users\larry\desktop\project3\debug\project3.ilk
c:\users\larry\desktop\project3\debug\project3.exe
c:\users\larry\desktop\project3\debug\project3.pdb
c:\users\larry\desktop\project3\project3\debug\vc.nativecodeanalysis.all.xml
c:\users\larry\desktop\project3\project3\debug\project3.tlog\cl.command.1.tlog
c:\users\larry\desktop\project3\project3\debug\project3.tlog\cl.read.1.tlog
c:\users\larry\desktop\project3\project3\debug\project3.tlog\cl.write.1.tlog
c:\users\larry\desktop\project3\project3\debug\project3.tlog\link.command.1.tlog
c:\users\larry\desktop\project3\project3\debug\project3.tlog\link.read.1.tlog
c:\users\larry\desktop\project3\project3\debug\project3.tlog\link.write.1.tlog
